{"/Users/marc.mintel/Projects/Private/ui/packages/button/index.vue": {"path":"/Users/marc.mintel/Projects/Private/ui/packages/button/index.vue","statementMap":{"0":{"start":{"line":33,"column":0},"end":{"line":33,"column":null}},"1":{"start":{"line":68,"column":0},"end":{"line":68,"column":null}},"2":{"start":{"line":69,"column":0},"end":{"line":69,"column":null}},"3":{"start":{"line":70,"column":0},"end":{"line":70,"column":null}},"4":{"start":{"line":71,"column":0},"end":{"line":71,"column":null}},"5":{"start":{"line":72,"column":0},"end":{"line":72,"column":null}},"6":{"start":{"line":75,"column":0},"end":{"line":75,"column":null}}},"fnMap":{"0":{"name":"(anonymous_2)","decl":{"start":{"line":67,"column":0},"end":{"line":67,"column":null}},"loc":{"start":{"line":67,"column":0},"end":{"line":73,"column":null}}},"1":{"name":"(anonymous_3)","decl":{"start":{"line":74,"column":0},"end":{"line":74,"column":null}},"loc":{"start":{"line":74,"column":0},"end":{"line":89,"column":null}}}},"branchMap":{"0":{"loc":{"start":{"line":68,"column":0},"end":{"line":68,"column":null}},"type":"if","locations":[{"start":{"line":68,"column":0},"end":{"line":68,"column":null}},{"start":{"line":68,"column":0},"end":{"line":68,"column":null}}]},"1":{"loc":{"start":{"line":69,"column":0},"end":{"line":69,"column":null}},"type":"if","locations":[{"start":{"line":69,"column":0},"end":{"line":69,"column":null}},{"start":{"line":69,"column":0},"end":{"line":69,"column":null}}]},"2":{"loc":{"start":{"line":69,"column":0},"end":{"line":69,"column":null}},"type":"binary-expr","locations":[{"start":{"line":69,"column":0},"end":{"line":69,"column":null}},{"start":{"line":69,"column":0},"end":{"line":69,"column":null}},{"start":{"line":69,"column":0},"end":{"line":69,"column":null}}]},"3":{"loc":{"start":{"line":70,"column":0},"end":{"line":70,"column":null}},"type":"if","locations":[{"start":{"line":70,"column":0},"end":{"line":70,"column":null}},{"start":{"line":70,"column":0},"end":{"line":70,"column":null}}]},"4":{"loc":{"start":{"line":71,"column":0},"end":{"line":71,"column":null}},"type":"if","locations":[{"start":{"line":71,"column":0},"end":{"line":71,"column":null}},{"start":{"line":71,"column":0},"end":{"line":71,"column":null}}]},"5":{"loc":{"start":{"line":75,"column":0},"end":{"line":75,"column":null}},"type":"cond-expr","locations":[{"start":{"line":75,"column":0},"end":{"line":75,"column":null}},{"start":{"line":75,"column":0},"end":{"line":75,"column":null}}]}},"s":{"0":1,"1":8,"2":7,"3":6,"4":6,"5":2,"6":7},"f":{"0":7,"1":7},"b":{"0":[8,8],"1":[1,5],"2":[6,1,1],"3":[1,4],"4":[2,2],"5":[10,53]}}
,"/Users/marc.mintel/Projects/Private/ui/packages/card/index.vue": {"path":"/Users/marc.mintel/Projects/Private/ui/packages/card/index.vue","statementMap":{"0":{"start":{"line":52,"column":0},"end":{"line":52,"column":null}},"1":{"start":{"line":56,"column":0},"end":{"line":56,"column":null}},"2":{"start":{"line":60,"column":0},"end":{"line":60,"column":null}}},"fnMap":{"0":{"name":"(anonymous_1)","decl":{"start":{"line":52,"column":0},"end":{"line":52,"column":null}},"loc":{"start":{"line":52,"column":0},"end":{"line":52,"column":null}}},"1":{"name":"(anonymous_2)","decl":{"start":{"line":56,"column":0},"end":{"line":56,"column":null}},"loc":{"start":{"line":56,"column":0},"end":{"line":56,"column":null}}},"2":{"name":"(anonymous_3)","decl":{"start":{"line":60,"column":0},"end":{"line":60,"column":null}},"loc":{"start":{"line":60,"column":0},"end":{"line":60,"column":null}}}},"branchMap":{},"s":{"0":0,"1":0,"2":0},"f":{"0":0,"1":0,"2":0},"b":{}}
,"/Users/marc.mintel/Projects/Private/ui/packages/dropdown/index.vue": {"path":"/Users/marc.mintel/Projects/Private/ui/packages/dropdown/index.vue","statementMap":{"0":{"start":{"line":24,"column":0},"end":{"line":24,"column":null}},"1":{"start":{"line":34,"column":0},"end":{"line":34,"column":null}},"2":{"start":{"line":40,"column":0},"end":{"line":40,"column":null}},"3":{"start":{"line":43,"column":0},"end":{"line":43,"column":null}}},"fnMap":{"0":{"name":"(anonymous_2)","decl":{"start":{"line":33,"column":0},"end":{"line":33,"column":null}},"loc":{"start":{"line":33,"column":0},"end":{"line":37,"column":null}}},"1":{"name":"(anonymous_3)","decl":{"start":{"line":39,"column":0},"end":{"line":39,"column":null}},"loc":{"start":{"line":39,"column":0},"end":{"line":41,"column":null}}},"2":{"name":"(anonymous_4)","decl":{"start":{"line":42,"column":0},"end":{"line":42,"column":null}},"loc":{"start":{"line":42,"column":0},"end":{"line":44,"column":null}}}},"branchMap":{},"s":{"0":0,"1":0,"2":0,"3":0},"f":{"0":0,"1":0,"2":0},"b":{}}
,"/Users/marc.mintel/Projects/Private/ui/packages/field/index.vue": {"path":"/Users/marc.mintel/Projects/Private/ui/packages/field/index.vue","statementMap":{"0":{"start":{"line":48,"column":0},"end":{"line":48,"column":null}},"1":{"start":{"line":49,"column":0},"end":{"line":49,"column":null}},"2":{"start":{"line":88,"column":0},"end":{"line":88,"column":null}},"3":{"start":{"line":94,"column":0},"end":{"line":94,"column":null}},"4":{"start":{"line":104,"column":0},"end":{"line":106,"column":null}},"5":{"start":{"line":105,"column":0},"end":{"line":105,"column":null}},"6":{"start":{"line":110,"column":0},"end":{"line":112,"column":null}},"7":{"start":{"line":111,"column":0},"end":{"line":111,"column":null}},"8":{"start":{"line":116,"column":0},"end":{"line":116,"column":null}},"9":{"start":{"line":119,"column":0},"end":{"line":119,"column":null}},"10":{"start":{"line":122,"column":0},"end":{"line":122,"column":null}},"11":{"start":{"line":123,"column":0},"end":{"line":123,"column":null}},"12":{"start":{"line":126,"column":0},"end":{"line":126,"column":null}},"13":{"start":{"line":129,"column":0},"end":{"line":129,"column":null}}},"fnMap":{"0":{"name":"(anonymous_2)","decl":{"start":{"line":87,"column":0},"end":{"line":87,"column":null}},"loc":{"start":{"line":87,"column":0},"end":{"line":91,"column":null}}},"1":{"name":"(anonymous_3)","decl":{"start":{"line":93,"column":0},"end":{"line":93,"column":null}},"loc":{"start":{"line":93,"column":0},"end":{"line":100,"column":null}}},"2":{"name":"(anonymous_4)","decl":{"start":{"line":103,"column":0},"end":{"line":103,"column":null}},"loc":{"start":{"line":103,"column":0},"end":{"line":107,"column":null}}},"3":{"name":"(anonymous_5)","decl":{"start":{"line":109,"column":0},"end":{"line":109,"column":null}},"loc":{"start":{"line":109,"column":0},"end":{"line":113,"column":null}}},"4":{"name":"(anonymous_6)","decl":{"start":{"line":115,"column":0},"end":{"line":115,"column":null}},"loc":{"start":{"line":115,"column":0},"end":{"line":117,"column":null}}},"5":{"name":"(anonymous_7)","decl":{"start":{"line":118,"column":0},"end":{"line":118,"column":null}},"loc":{"start":{"line":118,"column":0},"end":{"line":120,"column":null}}},"6":{"name":"(anonymous_8)","decl":{"start":{"line":121,"column":0},"end":{"line":121,"column":null}},"loc":{"start":{"line":121,"column":0},"end":{"line":124,"column":null}}},"7":{"name":"(anonymous_9)","decl":{"start":{"line":125,"column":0},"end":{"line":125,"column":null}},"loc":{"start":{"line":125,"column":0},"end":{"line":127,"column":null}}},"8":{"name":"(anonymous_10)","decl":{"start":{"line":128,"column":0},"end":{"line":128,"column":null}},"loc":{"start":{"line":128,"column":0},"end":{"line":130,"column":null}}}},"branchMap":{"0":{"loc":{"start":{"line":104,"column":0},"end":{"line":106,"column":null}},"type":"if","locations":[{"start":{"line":104,"column":0},"end":{"line":106,"column":null}},{"start":{"line":104,"column":0},"end":{"line":106,"column":null}}]},"1":{"loc":{"start":{"line":110,"column":0},"end":{"line":112,"column":null}},"type":"if","locations":[{"start":{"line":110,"column":0},"end":{"line":112,"column":null}},{"start":{"line":110,"column":0},"end":{"line":112,"column":null}}]}},"s":{"0":0,"1":0,"2":0,"3":0,"4":0,"5":0,"6":0,"7":0,"8":0,"9":0,"10":0,"11":0,"12":0,"13":0},"f":{"0":0,"1":0,"2":0,"3":0,"4":0,"5":0,"6":0,"7":0,"8":0},"b":{"0":[0,0],"1":[0,0]}}
,"/Users/marc.mintel/Projects/Private/ui/packages/fieldset/index.vue": {"path":"/Users/marc.mintel/Projects/Private/ui/packages/fieldset/index.vue","statementMap":{"0":{"start":{"line":38,"column":0},"end":{"line":38,"column":null}},"1":{"start":{"line":39,"column":0},"end":{"line":39,"column":null}},"2":{"start":{"line":40,"column":0},"end":{"line":40,"column":null}},"3":{"start":{"line":81,"column":0},"end":{"line":81,"column":null}},"4":{"start":{"line":87,"column":0},"end":{"line":87,"column":null}},"5":{"start":{"line":88,"column":0},"end":{"line":92,"column":null}},"6":{"start":{"line":89,"column":0},"end":{"line":89,"column":null}},"7":{"start":{"line":91,"column":0},"end":{"line":91,"column":null}},"8":{"start":{"line":95,"column":0},"end":{"line":95,"column":null}},"9":{"start":{"line":96,"column":0},"end":{"line":96,"column":null}},"10":{"start":{"line":97,"column":0},"end":{"line":101,"column":null}},"11":{"start":{"line":98,"column":0},"end":{"line":98,"column":null}},"12":{"start":{"line":99,"column":0},"end":{"line":101,"column":null}},"13":{"start":{"line":100,"column":0},"end":{"line":100,"column":null}},"14":{"start":{"line":102,"column":0},"end":{"line":102,"column":null}},"15":{"start":{"line":105,"column":0},"end":{"line":106,"column":null}},"16":{"start":{"line":110,"column":0},"end":{"line":110,"column":null}},"17":{"start":{"line":111,"column":0},"end":{"line":111,"column":null}},"18":{"start":{"line":114,"column":0},"end":{"line":114,"column":null}},"19":{"start":{"line":117,"column":0},"end":{"line":117,"column":null}},"20":{"start":{"line":120,"column":0},"end":{"line":120,"column":null}},"21":{"start":{"line":126,"column":0},"end":{"line":126,"column":null}},"22":{"start":{"line":132,"column":0},"end":{"line":132,"column":null}},"23":{"start":{"line":135,"column":0},"end":{"line":135,"column":null}},"24":{"start":{"line":136,"column":0},"end":{"line":142,"column":null}},"25":{"start":{"line":137,"column":0},"end":{"line":137,"column":null}},"26":{"start":{"line":143,"column":0},"end":{"line":143,"column":null}}},"fnMap":{"0":{"name":"(anonymous_2)","decl":{"start":{"line":77,"column":0},"end":{"line":77,"column":null}},"loc":{"start":{"line":77,"column":0},"end":{"line":77,"column":null}}},"1":{"name":"(anonymous_3)","decl":{"start":{"line":80,"column":0},"end":{"line":80,"column":null}},"loc":{"start":{"line":80,"column":0},"end":{"line":84,"column":null}}},"2":{"name":"(anonymous_4)","decl":{"start":{"line":86,"column":0},"end":{"line":86,"column":null}},"loc":{"start":{"line":86,"column":0},"end":{"line":93,"column":null}}},"3":{"name":"(anonymous_5)","decl":{"start":{"line":94,"column":0},"end":{"line":94,"column":null}},"loc":{"start":{"line":94,"column":0},"end":{"line":103,"column":null}}},"4":{"name":"(anonymous_6)","decl":{"start":{"line":104,"column":0},"end":{"line":104,"column":null}},"loc":{"start":{"line":104,"column":0},"end":{"line":108,"column":null}}},"5":{"name":"(anonymous_7)","decl":{"start":{"line":105,"column":0},"end":{"line":105,"column":null}},"loc":{"start":{"line":105,"column":0},"end":{"line":106,"column":null}}},"6":{"name":"(anonymous_8)","decl":{"start":{"line":109,"column":0},"end":{"line":109,"column":null}},"loc":{"start":{"line":109,"column":0},"end":{"line":112,"column":null}}},"7":{"name":"(anonymous_9)","decl":{"start":{"line":110,"column":0},"end":{"line":110,"column":null}},"loc":{"start":{"line":110,"column":0},"end":{"line":110,"column":null}}},"8":{"name":"(anonymous_10)","decl":{"start":{"line":113,"column":0},"end":{"line":113,"column":null}},"loc":{"start":{"line":113,"column":0},"end":{"line":115,"column":null}}},"9":{"name":"(anonymous_11)","decl":{"start":{"line":114,"column":0},"end":{"line":114,"column":null}},"loc":{"start":{"line":114,"column":0},"end":{"line":114,"column":null}}},"10":{"name":"(anonymous_12)","decl":{"start":{"line":116,"column":0},"end":{"line":116,"column":null}},"loc":{"start":{"line":116,"column":0},"end":{"line":118,"column":null}}},"11":{"name":"(anonymous_13)","decl":{"start":{"line":119,"column":0},"end":{"line":119,"column":null}},"loc":{"start":{"line":119,"column":0},"end":{"line":124,"column":null}}},"12":{"name":"(anonymous_14)","decl":{"start":{"line":125,"column":0},"end":{"line":125,"column":null}},"loc":{"start":{"line":125,"column":0},"end":{"line":130,"column":null}}},"13":{"name":"(anonymous_15)","decl":{"start":{"line":131,"column":0},"end":{"line":131,"column":null}},"loc":{"start":{"line":131,"column":0},"end":{"line":133,"column":null}}},"14":{"name":"(anonymous_16)","decl":{"start":{"line":134,"column":0},"end":{"line":134,"column":null}},"loc":{"start":{"line":134,"column":0},"end":{"line":144,"column":null}}}},"branchMap":{"0":{"loc":{"start":{"line":88,"column":0},"end":{"line":92,"column":null}},"type":"if","locations":[{"start":{"line":88,"column":0},"end":{"line":92,"column":null}},{"start":{"line":88,"column":0},"end":{"line":92,"column":null}}]},"1":{"loc":{"start":{"line":95,"column":0},"end":{"line":95,"column":null}},"type":"if","locations":[{"start":{"line":95,"column":0},"end":{"line":95,"column":null}},{"start":{"line":95,"column":0},"end":{"line":95,"column":null}}]},"2":{"loc":{"start":{"line":97,"column":0},"end":{"line":101,"column":null}},"type":"if","locations":[{"start":{"line":97,"column":0},"end":{"line":101,"column":null}},{"start":{"line":97,"column":0},"end":{"line":101,"column":null}}]},"3":{"loc":{"start":{"line":99,"column":0},"end":{"line":101,"column":null}},"type":"if","locations":[{"start":{"line":99,"column":0},"end":{"line":101,"column":null}},{"start":{"line":99,"column":0},"end":{"line":101,"column":null}}]},"4":{"loc":{"start":{"line":136,"column":0},"end":{"line":142,"column":null}},"type":"if","locations":[{"start":{"line":136,"column":0},"end":{"line":142,"column":null}},{"start":{"line":136,"column":0},"end":{"line":142,"column":null}}]}},"s":{"0":0,"1":0,"2":0,"3":0,"4":0,"5":0,"6":0,"7":0,"8":0,"9":0,"10":0,"11":0,"12":0,"13":0,"14":0,"15":0,"16":0,"17":0,"18":0,"19":0,"20":0,"21":0,"22":0,"23":0,"24":0,"25":0,"26":0},"f":{"0":0,"1":0,"2":0,"3":0,"4":0,"5":0,"6":0,"7":0,"8":0,"9":0,"10":0,"11":0,"12":0,"13":0,"14":0},"b":{"0":[0,0],"1":[0,0],"2":[0,0],"3":[0,0],"4":[0,0]}}
,"/Users/marc.mintel/Projects/Private/ui/packages/overlay/index.vue": {"path":"/Users/marc.mintel/Projects/Private/ui/packages/overlay/index.vue","statementMap":{"0":{"start":{"line":24,"column":0},"end":{"line":24,"column":null}},"1":{"start":{"line":29,"column":0},"end":{"line":29,"column":null}},"2":{"start":{"line":33,"column":0},"end":{"line":35,"column":null}},"3":{"start":{"line":34,"column":0},"end":{"line":34,"column":null}},"4":{"start":{"line":38,"column":0},"end":{"line":40,"column":null}},"5":{"start":{"line":39,"column":0},"end":{"line":39,"column":null}},"6":{"start":{"line":44,"column":0},"end":{"line":44,"column":null}},"7":{"start":{"line":45,"column":0},"end":{"line":45,"column":null}},"8":{"start":{"line":48,"column":0},"end":{"line":50,"column":null}},"9":{"start":{"line":49,"column":0},"end":{"line":49,"column":null}},"10":{"start":{"line":53,"column":0},"end":{"line":53,"column":null}},"11":{"start":{"line":54,"column":0},"end":{"line":54,"column":null}},"12":{"start":{"line":57,"column":0},"end":{"line":57,"column":null}},"13":{"start":{"line":63,"column":0},"end":{"line":63,"column":null}},"14":{"start":{"line":67,"column":0},"end":{"line":67,"column":null}},"15":{"start":{"line":70,"column":0},"end":{"line":70,"column":null}},"16":{"start":{"line":71,"column":0},"end":{"line":71,"column":null}},"17":{"start":{"line":75,"column":0},"end":{"line":75,"column":null}},"18":{"start":{"line":79,"column":0},"end":{"line":79,"column":null}}},"fnMap":{"0":{"name":"(anonymous_2)","decl":{"start":{"line":29,"column":0},"end":{"line":29,"column":null}},"loc":{"start":{"line":29,"column":0},"end":{"line":29,"column":null}}},"1":{"name":"(anonymous_3)","decl":{"start":{"line":32,"column":0},"end":{"line":32,"column":null}},"loc":{"start":{"line":32,"column":0},"end":{"line":36,"column":null}}},"2":{"name":"(anonymous_4)","decl":{"start":{"line":37,"column":0},"end":{"line":37,"column":null}},"loc":{"start":{"line":37,"column":0},"end":{"line":41,"column":null}}},"3":{"name":"(anonymous_5)","decl":{"start":{"line":43,"column":0},"end":{"line":43,"column":null}},"loc":{"start":{"line":43,"column":0},"end":{"line":46,"column":null}}},"4":{"name":"(anonymous_6)","decl":{"start":{"line":47,"column":0},"end":{"line":47,"column":null}},"loc":{"start":{"line":47,"column":0},"end":{"line":51,"column":null}}},"5":{"name":"(anonymous_7)","decl":{"start":{"line":52,"column":0},"end":{"line":52,"column":null}},"loc":{"start":{"line":52,"column":0},"end":{"line":55,"column":null}}},"6":{"name":"(anonymous_8)","decl":{"start":{"line":56,"column":0},"end":{"line":56,"column":null}},"loc":{"start":{"line":56,"column":0},"end":{"line":68,"column":null}}},"7":{"name":"(anonymous_9)","decl":{"start":{"line":69,"column":0},"end":{"line":69,"column":null}},"loc":{"start":{"line":69,"column":0},"end":{"line":80,"column":null}}}},"branchMap":{"0":{"loc":{"start":{"line":33,"column":0},"end":{"line":35,"column":null}},"type":"if","locations":[{"start":{"line":33,"column":0},"end":{"line":35,"column":null}},{"start":{"line":33,"column":0},"end":{"line":35,"column":null}}]},"1":{"loc":{"start":{"line":38,"column":0},"end":{"line":40,"column":null}},"type":"if","locations":[{"start":{"line":38,"column":0},"end":{"line":40,"column":null}},{"start":{"line":38,"column":0},"end":{"line":40,"column":null}}]},"2":{"loc":{"start":{"line":48,"column":0},"end":{"line":50,"column":null}},"type":"if","locations":[{"start":{"line":48,"column":0},"end":{"line":50,"column":null}},{"start":{"line":48,"column":0},"end":{"line":50,"column":null}}]}},"s":{"0":0,"1":0,"2":0,"3":0,"4":0,"5":0,"6":0,"7":0,"8":0,"9":0,"10":0,"11":0,"12":0,"13":0,"14":0,"15":0,"16":0,"17":0,"18":0},"f":{"0":0,"1":0,"2":0,"3":0,"4":0,"5":0,"6":0,"7":0},"b":{"0":[0,0],"1":[0,0],"2":[0,0]}}
,"/Users/marc.mintel/Projects/Private/ui/packages/radio/index.vue": {"path":"/Users/marc.mintel/Projects/Private/ui/packages/radio/index.vue","statementMap":{"0":{"start":{"line":14,"column":0},"end":{"line":14,"column":null}},"1":{"start":{"line":15,"column":0},"end":{"line":15,"column":null}},"2":{"start":{"line":22,"column":0},"end":{"line":22,"column":null}},"3":{"start":{"line":28,"column":0},"end":{"line":28,"column":null}},"4":{"start":{"line":31,"column":0},"end":{"line":41,"column":null}},"5":{"start":{"line":32,"column":0},"end":{"line":32,"column":null}},"6":{"start":{"line":37,"column":0},"end":{"line":37,"column":null}},"7":{"start":{"line":45,"column":0},"end":{"line":49,"column":null}},"8":{"start":{"line":46,"column":0},"end":{"line":46,"column":null}},"9":{"start":{"line":48,"column":0},"end":{"line":48,"column":null}},"10":{"start":{"line":53,"column":0},"end":{"line":53,"column":null}},"11":{"start":{"line":54,"column":0},"end":{"line":54,"column":null}}},"fnMap":{"0":{"name":"(anonymous_2)","decl":{"start":{"line":21,"column":0},"end":{"line":21,"column":null}},"loc":{"start":{"line":21,"column":0},"end":{"line":25,"column":null}}},"1":{"name":"(anonymous_3)","decl":{"start":{"line":27,"column":0},"end":{"line":27,"column":null}},"loc":{"start":{"line":27,"column":0},"end":{"line":29,"column":null}}},"2":{"name":"(anonymous_4)","decl":{"start":{"line":30,"column":0},"end":{"line":30,"column":null}},"loc":{"start":{"line":30,"column":0},"end":{"line":42,"column":null}}},"3":{"name":"(anonymous_5)","decl":{"start":{"line":44,"column":0},"end":{"line":44,"column":null}},"loc":{"start":{"line":44,"column":0},"end":{"line":50,"column":null}}},"4":{"name":"(anonymous_6)","decl":{"start":{"line":52,"column":0},"end":{"line":52,"column":null}},"loc":{"start":{"line":52,"column":0},"end":{"line":55,"column":null}}}},"branchMap":{"0":{"loc":{"start":{"line":31,"column":0},"end":{"line":41,"column":null}},"type":"if","locations":[{"start":{"line":31,"column":0},"end":{"line":41,"column":null}},{"start":{"line":31,"column":0},"end":{"line":41,"column":null}}]},"1":{"loc":{"start":{"line":45,"column":0},"end":{"line":49,"column":null}},"type":"if","locations":[{"start":{"line":45,"column":0},"end":{"line":49,"column":null}},{"start":{"line":45,"column":0},"end":{"line":49,"column":null}}]}},"s":{"0":0,"1":0,"2":0,"3":0,"4":0,"5":0,"6":0,"7":0,"8":0,"9":0,"10":0,"11":0},"f":{"0":0,"1":0,"2":0,"3":0,"4":0},"b":{"0":[0,0],"1":[0,0]}}
,"/Users/marc.mintel/Projects/Private/ui/packages/select/index.vue": {"path":"/Users/marc.mintel/Projects/Private/ui/packages/select/index.vue","statementMap":{"0":{"start":{"line":30,"column":0},"end":{"line":30,"column":null}},"1":{"start":{"line":51,"column":0},"end":{"line":51,"column":null}},"2":{"start":{"line":57,"column":0},"end":{"line":59,"column":null}},"3":{"start":{"line":58,"column":0},"end":{"line":58,"column":null}},"4":{"start":{"line":63,"column":0},"end":{"line":65,"column":null}},"5":{"start":{"line":64,"column":0},"end":{"line":64,"column":null}},"6":{"start":{"line":69,"column":0},"end":{"line":69,"column":null}},"7":{"start":{"line":72,"column":0},"end":{"line":72,"column":null}},"8":{"start":{"line":73,"column":0},"end":{"line":73,"column":null}},"9":{"start":{"line":74,"column":0},"end":{"line":74,"column":null}}},"fnMap":{"0":{"name":"(anonymous_2)","decl":{"start":{"line":50,"column":0},"end":{"line":50,"column":null}},"loc":{"start":{"line":50,"column":0},"end":{"line":54,"column":null}}},"1":{"name":"(anonymous_3)","decl":{"start":{"line":56,"column":0},"end":{"line":56,"column":null}},"loc":{"start":{"line":56,"column":0},"end":{"line":60,"column":null}}},"2":{"name":"(anonymous_4)","decl":{"start":{"line":62,"column":0},"end":{"line":62,"column":null}},"loc":{"start":{"line":62,"column":0},"end":{"line":66,"column":null}}},"3":{"name":"(anonymous_5)","decl":{"start":{"line":68,"column":0},"end":{"line":68,"column":null}},"loc":{"start":{"line":68,"column":0},"end":{"line":70,"column":null}}},"4":{"name":"(anonymous_6)","decl":{"start":{"line":71,"column":0},"end":{"line":71,"column":null}},"loc":{"start":{"line":71,"column":0},"end":{"line":75,"column":null}}}},"branchMap":{"0":{"loc":{"start":{"line":57,"column":0},"end":{"line":59,"column":null}},"type":"if","locations":[{"start":{"line":57,"column":0},"end":{"line":59,"column":null}},{"start":{"line":57,"column":0},"end":{"line":59,"column":null}}]},"1":{"loc":{"start":{"line":63,"column":0},"end":{"line":65,"column":null}},"type":"if","locations":[{"start":{"line":63,"column":0},"end":{"line":65,"column":null}},{"start":{"line":63,"column":0},"end":{"line":65,"column":null}}]}},"s":{"0":0,"1":0,"2":0,"3":0,"4":0,"5":0,"6":0,"7":0,"8":0,"9":0},"f":{"0":0,"1":0,"2":0,"3":0,"4":0},"b":{"0":[0,0],"1":[0,0]}}
,"/Users/marc.mintel/Projects/Private/ui/packages/table/index.vue": {"path":"/Users/marc.mintel/Projects/Private/ui/packages/table/index.vue","statementMap":{"0":{"start":{"line":53,"column":0},"end":{"line":53,"column":null}},"1":{"start":{"line":54,"column":0},"end":{"line":54,"column":null}},"2":{"start":{"line":70,"column":0},"end":{"line":70,"column":null}},"3":{"start":{"line":77,"column":0},"end":{"line":77,"column":null}},"4":{"start":{"line":80,"column":0},"end":{"line":80,"column":null}},"5":{"start":{"line":82,"column":0},"end":{"line":84,"column":null}},"6":{"start":{"line":83,"column":0},"end":{"line":83,"column":null}},"7":{"start":{"line":86,"column":0},"end":{"line":86,"column":null}},"8":{"start":{"line":91,"column":0},"end":{"line":91,"column":null}},"9":{"start":{"line":94,"column":0},"end":{"line":98,"column":null}},"10":{"start":{"line":95,"column":0},"end":{"line":95,"column":null}},"11":{"start":{"line":97,"column":0},"end":{"line":97,"column":null}}},"fnMap":{"0":{"name":"(anonymous_2)","decl":{"start":{"line":69,"column":0},"end":{"line":69,"column":null}},"loc":{"start":{"line":69,"column":0},"end":{"line":74,"column":null}}},"1":{"name":"(anonymous_3)","decl":{"start":{"line":76,"column":0},"end":{"line":76,"column":null}},"loc":{"start":{"line":76,"column":0},"end":{"line":78,"column":null}}},"2":{"name":"(anonymous_4)","decl":{"start":{"line":77,"column":0},"end":{"line":77,"column":null}},"loc":{"start":{"line":77,"column":0},"end":{"line":77,"column":null}}},"3":{"name":"(anonymous_5)","decl":{"start":{"line":79,"column":0},"end":{"line":79,"column":null}},"loc":{"start":{"line":79,"column":0},"end":{"line":87,"column":null}}},"4":{"name":"(anonymous_6)","decl":{"start":{"line":90,"column":0},"end":{"line":90,"column":null}},"loc":{"start":{"line":90,"column":0},"end":{"line":92,"column":null}}},"5":{"name":"(anonymous_7)","decl":{"start":{"line":93,"column":0},"end":{"line":93,"column":null}},"loc":{"start":{"line":93,"column":0},"end":{"line":99,"column":null}}}},"branchMap":{"0":{"loc":{"start":{"line":82,"column":0},"end":{"line":84,"column":null}},"type":"if","locations":[{"start":{"line":82,"column":0},"end":{"line":84,"column":null}},{"start":{"line":82,"column":0},"end":{"line":84,"column":null}}]},"1":{"loc":{"start":{"line":94,"column":0},"end":{"line":98,"column":null}},"type":"if","locations":[{"start":{"line":94,"column":0},"end":{"line":98,"column":null}},{"start":{"line":94,"column":0},"end":{"line":98,"column":null}}]}},"s":{"0":0,"1":0,"2":0,"3":0,"4":0,"5":0,"6":0,"7":0,"8":0,"9":0,"10":0,"11":0},"f":{"0":0,"1":0,"2":0,"3":0,"4":0,"5":0},"b":{"0":[0,0],"1":[0,0]}}
,"/Users/marc.mintel/Projects/Private/ui/packages/tabs/index.vue": {"path":"/Users/marc.mintel/Projects/Private/ui/packages/tabs/index.vue","statementMap":{"0":{"start":{"line":28,"column":0},"end":{"line":28,"column":null}},"1":{"start":{"line":33,"column":0},"end":{"line":33,"column":null}}},"fnMap":{"0":{"name":"(anonymous_1)","decl":{"start":{"line":28,"column":0},"end":{"line":28,"column":null}},"loc":{"start":{"line":28,"column":0},"end":{"line":28,"column":null}}},"1":{"name":"(anonymous_2)","decl":{"start":{"line":32,"column":0},"end":{"line":32,"column":null}},"loc":{"start":{"line":32,"column":0},"end":{"line":34,"column":null}}}},"branchMap":{},"s":{"0":0,"1":0},"f":{"0":0,"1":0},"b":{}}
,"/Users/marc.mintel/Projects/Private/ui/packages/theme/index.vue": {"path":"/Users/marc.mintel/Projects/Private/ui/packages/theme/index.vue","statementMap":{"0":{"start":{"line":11,"column":0},"end":{"line":11,"column":null}}},"fnMap":{},"branchMap":{},"s":{"0":0},"f":{},"b":{}}
,"/Users/marc.mintel/Projects/Private/ui/packages/toggle/index.vue": {"path":"/Users/marc.mintel/Projects/Private/ui/packages/toggle/index.vue","statementMap":{"0":{"start":{"line":17,"column":0},"end":{"line":17,"column":null}},"1":{"start":{"line":18,"column":0},"end":{"line":18,"column":null}},"2":{"start":{"line":29,"column":0},"end":{"line":29,"column":null}}},"fnMap":{"0":{"name":"(anonymous_2)","decl":{"start":{"line":28,"column":0},"end":{"line":28,"column":null}},"loc":{"start":{"line":28,"column":0},"end":{"line":30,"column":null}}}},"branchMap":{},"s":{"0":0,"1":0,"2":0},"f":{"0":0},"b":{}}
,"/Users/marc.mintel/Projects/Private/ui/packages/tooltip/index.vue": {"path":"/Users/marc.mintel/Projects/Private/ui/packages/tooltip/index.vue","statementMap":{"0":{"start":{"line":31,"column":0},"end":{"line":31,"column":null}},"1":{"start":{"line":32,"column":0},"end":{"line":32,"column":null}},"2":{"start":{"line":48,"column":0},"end":{"line":48,"column":null}},"3":{"start":{"line":54,"column":0},"end":{"line":54,"column":null}},"4":{"start":{"line":57,"column":0},"end":{"line":57,"column":null}}},"fnMap":{"0":{"name":"(anonymous_2)","decl":{"start":{"line":47,"column":0},"end":{"line":47,"column":null}},"loc":{"start":{"line":47,"column":0},"end":{"line":51,"column":null}}},"1":{"name":"(anonymous_3)","decl":{"start":{"line":53,"column":0},"end":{"line":53,"column":null}},"loc":{"start":{"line":53,"column":0},"end":{"line":55,"column":null}}},"2":{"name":"(anonymous_4)","decl":{"start":{"line":56,"column":0},"end":{"line":56,"column":null}},"loc":{"start":{"line":56,"column":0},"end":{"line":58,"column":null}}}},"branchMap":{},"s":{"0":0,"1":0,"2":0,"3":0,"4":0},"f":{"0":0,"1":0,"2":0},"b":{}}
,"/Users/marc.mintel/Projects/Private/ui/packages/type/index.vue": {"path":"/Users/marc.mintel/Projects/Private/ui/packages/type/index.vue","statementMap":{"0":{"start":{"line":11,"column":0},"end":{"line":11,"column":null}},"1":{"start":{"line":32,"column":0},"end":{"line":32,"column":null}}},"fnMap":{"0":{"name":"(anonymous_2)","decl":{"start":{"line":31,"column":0},"end":{"line":31,"column":null}},"loc":{"start":{"line":31,"column":0},"end":{"line":41,"column":null}}}},"branchMap":{"0":{"loc":{"start":{"line":32,"column":0},"end":{"line":32,"column":null}},"type":"cond-expr","locations":[{"start":{"line":32,"column":0},"end":{"line":32,"column":null}},{"start":{"line":32,"column":0},"end":{"line":32,"column":null}}]}},"s":{"0":0,"1":0},"f":{"0":0},"b":{"0":[0,0]}}
}
