TN:
SF:/Users/marc.mintel/Projects/Private/ui/packages/button/index.vue
FN:67,(anonymous_2)
FN:74,(anonymous_3)
FNF:2
FNH:2
FNDA:7,(anonymous_2)
FNDA:7,(anonymous_3)
DA:33,1
DA:68,8
DA:69,7
DA:70,6
DA:71,6
DA:72,2
DA:75,7
LF:7
LH:7
BRDA:68,0,0,8
BRDA:68,0,1,8
BRDA:69,1,0,1
BRDA:69,1,1,5
BRDA:69,2,0,6
BRDA:69,2,1,1
BRDA:69,2,2,1
BRDA:70,3,0,1
BRDA:70,3,1,4
BRDA:71,4,0,2
BRDA:71,4,1,2
BRDA:75,5,0,10
BRDA:75,5,1,53
BRF:13
BRH:13
end_of_record
TN:
SF:/Users/marc.mintel/Projects/Private/ui/packages/card/index.vue
FN:52,(anonymous_1)
FN:56,(anonymous_2)
FN:60,(anonymous_3)
FNF:3
FNH:0
FNDA:0,(anonymous_1)
FNDA:0,(anonymous_2)
FNDA:0,(anonymous_3)
DA:52,0
DA:56,0
DA:60,0
LF:3
LH:0
BRF:0
BRH:0
end_of_record
TN:
SF:/Users/marc.mintel/Projects/Private/ui/packages/dropdown/index.vue
FN:33,(anonymous_2)
FN:39,(anonymous_3)
FN:42,(anonymous_4)
FNF:3
FNH:0
FNDA:0,(anonymous_2)
FNDA:0,(anonymous_3)
FNDA:0,(anonymous_4)
DA:24,0
DA:34,0
DA:40,0
DA:43,0
LF:4
LH:0
BRF:0
BRH:0
end_of_record
TN:
SF:/Users/marc.mintel/Projects/Private/ui/packages/field/index.vue
FN:87,(anonymous_2)
FN:93,(anonymous_3)
FN:103,(anonymous_4)
FN:109,(anonymous_5)
FN:115,(anonymous_6)
FN:118,(anonymous_7)
FN:121,(anonymous_8)
FN:125,(anonymous_9)
FN:128,(anonymous_10)
FNF:9
FNH:0
FNDA:0,(anonymous_2)
FNDA:0,(anonymous_3)
FNDA:0,(anonymous_4)
FNDA:0,(anonymous_5)
FNDA:0,(anonymous_6)
FNDA:0,(anonymous_7)
FNDA:0,(anonymous_8)
FNDA:0,(anonymous_9)
FNDA:0,(anonymous_10)
DA:48,0
DA:49,0
DA:88,0
DA:94,0
DA:104,0
DA:105,0
DA:110,0
DA:111,0
DA:116,0
DA:119,0
DA:122,0
DA:123,0
DA:126,0
DA:129,0
LF:14
LH:0
BRDA:104,0,0,0
BRDA:104,0,1,0
BRDA:110,1,0,0
BRDA:110,1,1,0
BRF:4
BRH:0
end_of_record
TN:
SF:/Users/marc.mintel/Projects/Private/ui/packages/fieldset/index.vue
FN:77,(anonymous_2)
FN:80,(anonymous_3)
FN:86,(anonymous_4)
FN:94,(anonymous_5)
FN:104,(anonymous_6)
FN:105,(anonymous_7)
FN:109,(anonymous_8)
FN:110,(anonymous_9)
FN:113,(anonymous_10)
FN:114,(anonymous_11)
FN:116,(anonymous_12)
FN:119,(anonymous_13)
FN:125,(anonymous_14)
FN:131,(anonymous_15)
FN:134,(anonymous_16)
FNF:15
FNH:0
FNDA:0,(anonymous_2)
FNDA:0,(anonymous_3)
FNDA:0,(anonymous_4)
FNDA:0,(anonymous_5)
FNDA:0,(anonymous_6)
FNDA:0,(anonymous_7)
FNDA:0,(anonymous_8)
FNDA:0,(anonymous_9)
FNDA:0,(anonymous_10)
FNDA:0,(anonymous_11)
FNDA:0,(anonymous_12)
FNDA:0,(anonymous_13)
FNDA:0,(anonymous_14)
FNDA:0,(anonymous_15)
FNDA:0,(anonymous_16)
DA:38,0
DA:39,0
DA:40,0
DA:81,0
DA:87,0
DA:88,0
DA:89,0
DA:91,0
DA:95,0
DA:96,0
DA:97,0
DA:98,0
DA:99,0
DA:100,0
DA:102,0
DA:105,0
DA:110,0
DA:111,0
DA:114,0
DA:117,0
DA:120,0
DA:126,0
DA:132,0
DA:135,0
DA:136,0
DA:137,0
DA:143,0
LF:27
LH:0
BRDA:88,0,0,0
BRDA:88,0,1,0
BRDA:95,1,0,0
BRDA:95,1,1,0
BRDA:97,2,0,0
BRDA:97,2,1,0
BRDA:99,3,0,0
BRDA:99,3,1,0
BRDA:136,4,0,0
BRDA:136,4,1,0
BRF:10
BRH:0
end_of_record
TN:
SF:/Users/marc.mintel/Projects/Private/ui/packages/overlay/index.vue
FN:29,(anonymous_2)
FN:32,(anonymous_3)
FN:37,(anonymous_4)
FN:43,(anonymous_5)
FN:47,(anonymous_6)
FN:52,(anonymous_7)
FN:56,(anonymous_8)
FN:69,(anonymous_9)
FNF:8
FNH:0
FNDA:0,(anonymous_2)
FNDA:0,(anonymous_3)
FNDA:0,(anonymous_4)
FNDA:0,(anonymous_5)
FNDA:0,(anonymous_6)
FNDA:0,(anonymous_7)
FNDA:0,(anonymous_8)
FNDA:0,(anonymous_9)
DA:24,0
DA:29,0
DA:33,0
DA:34,0
DA:38,0
DA:39,0
DA:44,0
DA:45,0
DA:48,0
DA:49,0
DA:53,0
DA:54,0
DA:57,0
DA:63,0
DA:67,0
DA:70,0
DA:71,0
DA:75,0
DA:79,0
LF:19
LH:0
BRDA:33,0,0,0
BRDA:33,0,1,0
BRDA:38,1,0,0
BRDA:38,1,1,0
BRDA:48,2,0,0
BRDA:48,2,1,0
BRF:6
BRH:0
end_of_record
TN:
SF:/Users/marc.mintel/Projects/Private/ui/packages/radio/index.vue
FN:21,(anonymous_2)
FN:27,(anonymous_3)
FN:30,(anonymous_4)
FN:44,(anonymous_5)
FN:52,(anonymous_6)
FNF:5
FNH:0
FNDA:0,(anonymous_2)
FNDA:0,(anonymous_3)
FNDA:0,(anonymous_4)
FNDA:0,(anonymous_5)
FNDA:0,(anonymous_6)
DA:14,0
DA:15,0
DA:22,0
DA:28,0
DA:31,0
DA:32,0
DA:37,0
DA:45,0
DA:46,0
DA:48,0
DA:53,0
DA:54,0
LF:12
LH:0
BRDA:31,0,0,0
BRDA:31,0,1,0
BRDA:45,1,0,0
BRDA:45,1,1,0
BRF:4
BRH:0
end_of_record
TN:
SF:/Users/marc.mintel/Projects/Private/ui/packages/select/index.vue
FN:50,(anonymous_2)
FN:56,(anonymous_3)
FN:62,(anonymous_4)
FN:68,(anonymous_5)
FN:71,(anonymous_6)
FNF:5
FNH:0
FNDA:0,(anonymous_2)
FNDA:0,(anonymous_3)
FNDA:0,(anonymous_4)
FNDA:0,(anonymous_5)
FNDA:0,(anonymous_6)
DA:30,0
DA:51,0
DA:57,0
DA:58,0
DA:63,0
DA:64,0
DA:69,0
DA:72,0
DA:73,0
DA:74,0
LF:10
LH:0
BRDA:57,0,0,0
BRDA:57,0,1,0
BRDA:63,1,0,0
BRDA:63,1,1,0
BRF:4
BRH:0
end_of_record
TN:
SF:/Users/marc.mintel/Projects/Private/ui/packages/table/index.vue
FN:69,(anonymous_2)
FN:76,(anonymous_3)
FN:77,(anonymous_4)
FN:79,(anonymous_5)
FN:90,(anonymous_6)
FN:93,(anonymous_7)
FNF:6
FNH:0
FNDA:0,(anonymous_2)
FNDA:0,(anonymous_3)
FNDA:0,(anonymous_4)
FNDA:0,(anonymous_5)
FNDA:0,(anonymous_6)
FNDA:0,(anonymous_7)
DA:53,0
DA:54,0
DA:70,0
DA:77,0
DA:80,0
DA:82,0
DA:83,0
DA:86,0
DA:91,0
DA:94,0
DA:95,0
DA:97,0
LF:12
LH:0
BRDA:82,0,0,0
BRDA:82,0,1,0
BRDA:94,1,0,0
BRDA:94,1,1,0
BRF:4
BRH:0
end_of_record
TN:
SF:/Users/marc.mintel/Projects/Private/ui/packages/tabs/index.vue
FN:28,(anonymous_1)
FN:32,(anonymous_2)
FNF:2
FNH:0
FNDA:0,(anonymous_1)
FNDA:0,(anonymous_2)
DA:28,0
DA:33,0
LF:2
LH:0
BRF:0
BRH:0
end_of_record
TN:
SF:/Users/marc.mintel/Projects/Private/ui/packages/theme/index.vue
FNF:0
FNH:0
DA:11,0
LF:1
LH:0
BRF:0
BRH:0
end_of_record
TN:
SF:/Users/marc.mintel/Projects/Private/ui/packages/toggle/index.vue
FN:28,(anonymous_2)
FNF:1
FNH:0
FNDA:0,(anonymous_2)
DA:17,0
DA:18,0
DA:29,0
LF:3
LH:0
BRF:0
BRH:0
end_of_record
TN:
SF:/Users/marc.mintel/Projects/Private/ui/packages/tooltip/index.vue
FN:47,(anonymous_2)
FN:53,(anonymous_3)
FN:56,(anonymous_4)
FNF:3
FNH:0
FNDA:0,(anonymous_2)
FNDA:0,(anonymous_3)
FNDA:0,(anonymous_4)
DA:31,0
DA:32,0
DA:48,0
DA:54,0
DA:57,0
LF:5
LH:0
BRF:0
BRH:0
end_of_record
TN:
SF:/Users/marc.mintel/Projects/Private/ui/packages/type/index.vue
FN:31,(anonymous_2)
FNF:1
FNH:0
FNDA:0,(anonymous_2)
DA:11,0
DA:32,0
LF:2
LH:0
BRDA:32,0,0,0
BRDA:32,0,1,0
BRF:2
BRH:0
end_of_record
